2024-11-09 16:52:57,255 INFO o.a.j.u.JMeterUtils: Setting Locale to en_EN
2024-11-09 16:52:57,265 INFO o.a.j.JMeter: Loading user properties from: /opt/homebrew/Cellar/jmeter/5.6.3/libexec/bin/user.properties
2024-11-09 16:52:57,265 INFO o.a.j.JMeter: Loading system properties from: /opt/homebrew/Cellar/jmeter/5.6.3/libexec/bin/system.properties
2024-11-09 16:52:57,268 INFO o.a.j.JMeter: Copyright (c) 1998-2024 The Apache Software Foundation
2024-11-09 16:52:57,268 INFO o.a.j.JMeter: Version 5.6.3
2024-11-09 16:52:57,268 INFO o.a.j.JMeter: java.version=21.0.4
2024-11-09 16:52:57,268 INFO o.a.j.JMeter: java.vm.name=OpenJDK 64-Bit Server VM
2024-11-09 16:52:57,268 INFO o.a.j.JMeter: os.name=Mac OS X
2024-11-09 16:52:57,268 INFO o.a.j.JMeter: os.arch=aarch64
2024-11-09 16:52:57,268 INFO o.a.j.JMeter: os.version=14.7
2024-11-09 16:52:57,268 INFO o.a.j.JMeter: file.encoding=UTF-8
2024-11-09 16:52:57,268 INFO o.a.j.JMeter: java.awt.headless=true
2024-11-09 16:52:57,268 INFO o.a.j.JMeter: Max memory     =1073741824
2024-11-09 16:52:57,268 INFO o.a.j.JMeter: Available Processors =10
2024-11-09 16:52:57,274 INFO o.a.j.JMeter: Default Locale=English (EN)
2024-11-09 16:52:57,274 INFO o.a.j.JMeter: JMeter  Locale=English (EN)
2024-11-09 16:52:57,274 INFO o.a.j.JMeter: JMeterHome=/opt/homebrew/Cellar/jmeter/5.6.3/libexec
2024-11-09 16:52:57,274 INFO o.a.j.JMeter: user.dir  =/Users/johnny.scott/Desktop/Playwright Practice/polymer-e2e-tests
2024-11-09 16:52:57,274 INFO o.a.j.JMeter: PWD       =/Users/johnny.scott/Desktop/Playwright Practice/polymer-e2e-tests
2024-11-09 16:52:57,275 INFO o.a.j.JMeter: IP: 192.168.1.237 Name: HVYXV942VY FullName: 192.168.1.237
2024-11-09 16:52:57,281 INFO o.a.j.JMeter: Setting property 'jmeter.reportgenerator.outputdir' to:'/Users/johnny.scott/Desktop/Playwright Practice/polymer-e2e-tests/performanceTests/report_folder'
2024-11-09 16:52:57,282 INFO o.a.j.s.FileServer: Default base='/Users/johnny.scott/Desktop/Playwright Practice/polymer-e2e-tests'
2024-11-09 16:52:57,283 INFO o.a.j.s.FileServer: Set new base='/Users/johnny.scott/Desktop/Playwright Practice/polymer-e2e-tests/performanceTests'
2024-11-09 16:52:57,378 INFO o.a.j.s.SaveService: Testplan (JMX) version: 2.2. Testlog (JTL) version: 2.2
2024-11-09 16:52:57,404 INFO o.a.j.s.SaveService: Using SaveService properties version 5.0
2024-11-09 16:52:57,405 INFO o.a.j.s.SaveService: Using SaveService properties file encoding UTF-8
2024-11-09 16:52:57,407 INFO o.a.j.s.SaveService: Loading file: performanceTests/TestPlan.jmx
2024-11-09 16:52:57,441 INFO o.a.j.p.h.s.HTTPSamplerBase: Parser for text/html is org.apache.jmeter.protocol.http.parser.LagartoBasedHtmlParser
2024-11-09 16:52:57,441 INFO o.a.j.p.h.s.HTTPSamplerBase: Parser for application/xhtml+xml is org.apache.jmeter.protocol.http.parser.LagartoBasedHtmlParser
2024-11-09 16:52:57,441 INFO o.a.j.p.h.s.HTTPSamplerBase: Parser for application/xml is org.apache.jmeter.protocol.http.parser.LagartoBasedHtmlParser
2024-11-09 16:52:57,441 INFO o.a.j.p.h.s.HTTPSamplerBase: Parser for text/xml is org.apache.jmeter.protocol.http.parser.LagartoBasedHtmlParser
2024-11-09 16:52:57,441 INFO o.a.j.p.h.s.HTTPSamplerBase: Parser for text/vnd.wap.wml is org.apache.jmeter.protocol.http.parser.RegexpHTMLParser
2024-11-09 16:52:57,441 INFO o.a.j.p.h.s.HTTPSamplerBase: Parser for text/css is org.apache.jmeter.protocol.http.parser.CssParser
2024-11-09 16:52:57,461 INFO o.a.j.JMeter: Creating summariser <summary>
2024-11-09 16:52:57,463 INFO o.a.j.r.d.ReportGenerator: ReportGenerator will use for Parsing the separator: ','
2024-11-09 16:52:57,463 INFO o.a.j.r.d.ReportGenerator: Will generate report at end of test from  results file: performanceTests/results.jtl
2024-11-09 16:52:57,463 INFO o.a.j.r.d.ReportGenerator: Reading report generator properties from: /opt/homebrew/Cellar/jmeter/5.6.3/libexec/bin/reportgenerator.properties
2024-11-09 16:52:57,475 INFO o.a.j.r.d.ReportGenerator: Merging with JMeter properties
2024-11-09 16:52:57,477 INFO o.a.j.r.c.ReportGeneratorConfiguration: Property 'jmeter.reportgenerator.temp_dir' not found, using default value 'temp' instead.
2024-11-09 16:52:57,478 INFO o.a.j.r.c.ReportGeneratorConfiguration: Property 'jmeter.reportgenerator.apdex_per_transaction' not found, using default value 'null' instead.
2024-11-09 16:52:57,478 INFO o.a.j.r.c.ReportGeneratorConfiguration: apdex_per_transaction is empty, not APDEX per transaction customization
2024-11-09 16:52:57,478 INFO o.a.j.r.c.ReportGeneratorConfiguration: Property 'jmeter.reportgenerator.sample_filter' not found, using default value 'null' instead.
2024-11-09 16:52:57,478 INFO o.a.j.r.c.ReportGeneratorConfiguration: Property 'jmeter.reportgenerator.report_title' not found, using default value 'null' instead.
2024-11-09 16:52:57,478 INFO o.a.j.r.c.ReportGeneratorConfiguration: Property 'jmeter.reportgenerator.start_date' not found, using default value 'null' instead.
2024-11-09 16:52:57,478 INFO o.a.j.r.c.ReportGeneratorConfiguration: Property 'jmeter.reportgenerator.end_date' not found, using default value 'null' instead.
2024-11-09 16:52:57,478 INFO o.a.j.r.c.ReportGeneratorConfiguration: Property 'jmeter.reportgenerator.date_format' not found, using default value 'null' instead.
2024-11-09 16:52:57,479 INFO o.a.j.r.c.ReportGeneratorConfiguration: Will use date range start date: null, end date: null
2024-11-09 16:52:57,481 INFO o.a.j.r.c.ReportGeneratorConfiguration: Property 'jmeter.reportgenerator.graph.totalTPS.exclude_controllers' not found, using default value 'false' instead.
2024-11-09 16:52:57,481 INFO o.a.j.r.c.ReportGeneratorConfiguration: Property 'jmeter.reportgenerator.graph.activeThreadsOverTime.exclude_controllers' not found, using default value 'false' instead.
2024-11-09 16:52:57,481 INFO o.a.j.r.c.ReportGeneratorConfiguration: Property 'jmeter.reportgenerator.graph.timeVsThreads.exclude_controllers' not found, using default value 'false' instead.
2024-11-09 16:52:57,481 INFO o.a.j.r.c.ReportGeneratorConfiguration: Property 'jmeter.reportgenerator.graph.responseTimeDistribution.exclude_controllers' not found, using default value 'false' instead.
2024-11-09 16:52:57,481 INFO o.a.j.r.c.ReportGeneratorConfiguration: Property 'jmeter.reportgenerator.graph.transactionsPerSecond.exclude_controllers' not found, using default value 'false' instead.
2024-11-09 16:52:57,481 INFO o.a.j.r.c.ReportGeneratorConfiguration: Property 'jmeter.reportgenerator.graph.responseTimePercentiles.exclude_controllers' not found, using default value 'false' instead.
2024-11-09 16:52:57,481 INFO o.a.j.r.c.ReportGeneratorConfiguration: Property 'jmeter.reportgenerator.graph.responseTimePercentilesOverTime.exclude_controllers' not found, using default value 'false' instead.
2024-11-09 16:52:57,481 INFO o.a.j.r.c.ReportGeneratorConfiguration: Property 'jmeter.reportgenerator.graph.responseTimesOverTime.exclude_controllers' not found, using default value 'false' instead.
2024-11-09 16:52:57,481 INFO o.a.j.r.c.ReportGeneratorConfiguration: Property 'jmeter.reportgenerator.graph.connectTimeOverTime.exclude_controllers' not found, using default value 'false' instead.
2024-11-09 16:52:57,481 INFO o.a.j.r.c.ReportGeneratorConfiguration: Property 'jmeter.reportgenerator.graph.latenciesOverTime.exclude_controllers' not found, using default value 'false' instead.
2024-11-09 16:52:57,483 INFO o.a.j.r.c.ReportGeneratorConfiguration: Property 'jmeter.reportgenerator.exporter.json.filters_only_sample_series' not found, using default value 'true' instead.
2024-11-09 16:52:57,483 INFO o.a.j.r.c.ReportGeneratorConfiguration: Property 'jmeter.reportgenerator.exporter.json.series_filter' not found, using default value '' instead.
2024-11-09 16:52:57,483 INFO o.a.j.r.c.ReportGeneratorConfiguration: Property 'jmeter.reportgenerator.exporter.json.show_controllers_only' not found, using default value 'false' instead.
2024-11-09 16:52:57,483 INFO o.a.j.r.c.ReportGeneratorConfiguration: Property 'jmeter.reportgenerator.exporter.html.filters_only_sample_series' not found, using default value 'true' instead.
2024-11-09 16:52:57,483 INFO o.a.j.r.c.ReportGeneratorConfiguration: Property 'jmeter.reportgenerator.exporter.html.series_filter' not found, using default value '' instead.
2024-11-09 16:52:57,483 INFO o.a.j.r.c.ReportGeneratorConfiguration: Property 'jmeter.reportgenerator.exporter.html.show_controllers_only' not found, using default value 'false' instead.
2024-11-09 16:52:57,490 INFO o.a.j.e.StandardJMeterEngine: Running the test!
2024-11-09 16:52:57,490 INFO o.a.j.s.SampleEvent: List of sample_variables: []
2024-11-09 16:52:57,490 INFO o.a.j.s.SampleEvent: List of sample_variables: []
2024-11-09 16:52:57,492 INFO o.a.j.e.u.CompoundVariable: Note: Function class names must contain the string: '.functions.'
2024-11-09 16:52:57,493 INFO o.a.j.e.u.CompoundVariable: Note: Function class names must not contain the string: '.gui.'
2024-11-09 16:52:57,525 INFO o.a.j.r.ClassFinder: Will scan jar /opt/homebrew/Cellar/jmeter/5.6.3/libexec/lib/ext/jmeter-plugins-manager-1.9.jar with filter ExtendsClassFilter [parents=[interface org.apache.jmeter.functions.Function], inner=false, contains=null, notContains=null]. Consider exposing JMeter plugins via META-INF/services, and add JMeter-Skip-Class-Scanning=true manifest attribute so JMeter can skip classfile scanning
2024-11-09 16:52:57,577 INFO o.a.j.JMeter: Running test (1731171177577)
2024-11-09 16:52:57,586 INFO o.a.j.e.StandardJMeterEngine: Starting ThreadGroup: 1 : Thread Group
2024-11-09 16:52:57,587 INFO o.a.j.e.StandardJMeterEngine: Starting 5 threads for group Thread Group.
2024-11-09 16:52:57,587 INFO o.a.j.e.StandardJMeterEngine: Thread will continue on error
2024-11-09 16:52:57,587 INFO o.a.j.t.ThreadGroup: Starting thread group... number=1 threads=5 ramp-up=5 delayedStart=false
2024-11-09 16:52:57,589 INFO o.a.j.t.ThreadGroup: Started thread group number 1
2024-11-09 16:52:57,590 INFO o.a.j.e.StandardJMeterEngine: All thread groups have been started
2024-11-09 16:52:57,590 INFO o.a.j.t.JMeterThread: Thread started: Thread Group 1-1
2024-11-09 16:52:57,599 INFO o.a.j.p.h.s.HTTPHCAbstractImpl: Local host = HVYXV942VY
2024-11-09 16:52:57,603 INFO o.a.j.p.h.s.HTTPHC4Impl: HTTP request retry count = 0
2024-11-09 16:52:57,603 INFO o.a.j.s.SampleResult: Note: Sample TimeStamps are START times
2024-11-09 16:52:57,603 INFO o.a.j.s.SampleResult: sampleresult.default.encoding is set to UTF-8
2024-11-09 16:52:57,603 INFO o.a.j.s.SampleResult: sampleresult.useNanoTime=true
2024-11-09 16:52:57,603 INFO o.a.j.s.SampleResult: sampleresult.nanoThreadSleep=5000
2024-11-09 16:52:57,666 INFO o.a.j.p.h.s.h.LazyLayeredConnectionSocketFactory: Setting up HTTPS TrustAll Socket Factory
2024-11-09 16:52:57,669 INFO o.a.j.u.JsseSSLManager: Using default SSL protocol: TLS
2024-11-09 16:52:57,669 INFO o.a.j.u.JsseSSLManager: SSL session context: per-thread
2024-11-09 16:52:57,728 INFO o.a.j.u.SSLManager: JmeterKeyStore Location:  type JKS
2024-11-09 16:52:57,729 INFO o.a.j.u.SSLManager: KeyStore created OK
2024-11-09 16:52:57,730 WARN o.a.j.u.SSLManager: Keystore file not found, loading empty keystore
2024-11-09 16:52:58,213 INFO o.a.j.t.JMeterThread: Thread is done: Thread Group 1-1
2024-11-09 16:52:58,213 INFO o.a.j.t.JMeterThread: Thread finished: Thread Group 1-1
2024-11-09 16:52:58,593 INFO o.a.j.t.JMeterThread: Thread started: Thread Group 1-2
2024-11-09 16:52:59,088 INFO o.a.j.t.JMeterThread: Thread is done: Thread Group 1-2
2024-11-09 16:52:59,088 INFO o.a.j.t.JMeterThread: Thread finished: Thread Group 1-2
2024-11-09 16:52:59,590 INFO o.a.j.t.JMeterThread: Thread started: Thread Group 1-3
2024-11-09 16:53:00,107 INFO o.a.j.r.Summariser: summary +      3 in 00:00:03 =    1.2/s Avg:   524 Min:   487 Max:   577 Err:     3 (100.00%) Active: 1 Started: 3 Finished: 2
2024-11-09 16:53:00,108 INFO o.a.j.t.JMeterThread: Thread is done: Thread Group 1-3
2024-11-09 16:53:00,108 INFO o.a.j.t.JMeterThread: Thread finished: Thread Group 1-3
2024-11-09 16:53:00,594 INFO o.a.j.t.JMeterThread: Thread started: Thread Group 1-4
2024-11-09 16:53:00,932 INFO o.a.j.t.JMeterThread: Thread is done: Thread Group 1-4
2024-11-09 16:53:00,932 INFO o.a.j.t.JMeterThread: Thread finished: Thread Group 1-4
2024-11-09 16:53:01,593 INFO o.a.j.t.JMeterThread: Thread started: Thread Group 1-5
2024-11-09 16:53:02,072 INFO o.a.j.t.JMeterThread: Thread is done: Thread Group 1-5
2024-11-09 16:53:02,073 INFO o.a.j.t.JMeterThread: Thread finished: Thread Group 1-5
2024-11-09 16:53:02,074 INFO o.a.j.e.StandardJMeterEngine: Notifying test listeners of end of test
2024-11-09 16:53:02,075 INFO o.a.j.r.Summariser: summary +      2 in 00:00:02 =    1.0/s Avg:   403 Min:   333 Max:   473 Err:     2 (100.00%) Active: 0 Started: 5 Finished: 5
2024-11-09 16:53:02,076 INFO o.a.j.r.Summariser: summary =      5 in 00:00:04 =    1.1/s Avg:   475 Min:   333 Max:   577 Err:     5 (100.00%)
2024-11-09 16:53:02,076 INFO o.a.j.JMeter: Generating Dashboard
2024-11-09 16:53:02,076 INFO o.a.j.r.d.ReportGenerator: Flushing result collector before report Generation
2024-11-09 16:53:02,106 INFO o.a.j.r.p.NormalizerSampleConsumer: Using format, 'ms', to parse timeStamp field
2024-11-09 16:53:02,148 INFO o.a.j.r.p.AbstractSampleConsumer: class org.apache.jmeter.report.processor.AggregateConsumer#stopProducing(): beginDate produced 0 samples
2024-11-09 16:53:02,148 INFO o.a.j.r.p.AbstractSampleConsumer: class org.apache.jmeter.report.processor.AggregateConsumer#stopProducing(): endDate produced 0 samples
2024-11-09 16:53:02,149 INFO o.a.j.r.p.AbstractSampleConsumer: class org.apache.jmeter.report.processor.ApdexSummaryConsumer#stopProducing(): apdexSummary produced 0 samples
2024-11-09 16:53:02,149 INFO o.a.j.r.p.AbstractSampleConsumer: class org.apache.jmeter.report.processor.RequestsSummaryConsumer#stopProducing(): requestsSummary produced 0 samples
2024-11-09 16:53:02,152 INFO o.a.j.r.p.AbstractSampleConsumer: class org.apache.jmeter.report.processor.StatisticsSummaryConsumer#stopProducing(): statisticsSummary produced 0 samples
2024-11-09 16:53:02,154 INFO o.a.j.r.p.AbstractSampleConsumer: class org.apache.jmeter.report.processor.Top5ErrorsBySamplerConsumer#stopProducing(): top5ErrorsBySampler produced 0 samples
2024-11-09 16:53:02,154 INFO o.a.j.r.p.AbstractSampleConsumer: class org.apache.jmeter.report.processor.ErrorsSummaryConsumer#stopProducing(): errorsSummary produced 0 samples
2024-11-09 16:53:02,154 INFO o.a.j.r.p.AbstractSampleConsumer: class org.apache.jmeter.report.processor.graph.impl.HitsPerSecondGraphConsumer#stopProducing(): hitsPerSecond produced 0 samples
2024-11-09 16:53:02,171 INFO o.a.j.r.p.AbstractSampleConsumer: class org.apache.jmeter.report.processor.graph.impl.LatencyVSRequestGraphConsumer#stopProducing(): latencyVsRequest produced 0 samples
2024-11-09 16:53:02,171 INFO o.a.j.r.p.AbstractSampleConsumer: class org.apache.jmeter.report.processor.graph.impl.SyntheticResponseTimeDistributionGraphConsumer#stopProducing(): syntheticResponseTimeDistribution produced 0 samples
2024-11-09 16:53:02,171 INFO o.a.j.r.p.AbstractSampleConsumer: class org.apache.jmeter.report.processor.graph.impl.BytesThroughputGraphConsumer#stopProducing(): bytesThroughputOverTime produced 0 samples
2024-11-09 16:53:02,171 INFO o.a.j.r.p.AbstractSampleConsumer: class org.apache.jmeter.report.processor.graph.impl.CodesPerSecondGraphConsumer#stopProducing(): codesPerSecond produced 0 samples
2024-11-09 16:53:02,175 INFO o.a.j.r.p.AbstractSampleConsumer: class org.apache.jmeter.report.processor.graph.impl.ResponseTimeVSRequestGraphConsumer#stopProducing(): responseTimeVsRequest produced 0 samples
2024-11-09 16:53:02,175 INFO o.a.j.r.p.AbstractSampleConsumer: class org.apache.jmeter.report.processor.FilterConsumer#stopProducing(): startIntervalControlerFilter produced 35 samples
2024-11-09 16:53:02,175 INFO o.a.j.r.p.AbstractSampleConsumer: class org.apache.jmeter.report.processor.graph.impl.TotalTPSGraphConsumer#stopProducing(): totalTPS produced 0 samples
2024-11-09 16:53:02,175 INFO o.a.j.r.p.AbstractSampleConsumer: class org.apache.jmeter.report.processor.graph.impl.ActiveThreadsGraphConsumer#stopProducing(): activeThreadsOverTime produced 0 samples
2024-11-09 16:53:02,175 INFO o.a.j.r.p.AbstractSampleConsumer: class org.apache.jmeter.report.processor.graph.impl.TimeVSThreadGraphConsumer#stopProducing(): timeVsThreads produced 0 samples
2024-11-09 16:53:02,175 INFO o.a.j.r.p.AbstractSampleConsumer: class org.apache.jmeter.report.processor.graph.impl.ResponseTimeDistributionGraphConsumer#stopProducing(): responseTimeDistribution produced 0 samples
2024-11-09 16:53:02,175 INFO o.a.j.r.p.AbstractSampleConsumer: class org.apache.jmeter.report.processor.graph.impl.TransactionsPerSecondGraphConsumer#stopProducing(): transactionsPerSecond produced 0 samples
2024-11-09 16:53:02,176 INFO o.a.j.r.p.AbstractSampleConsumer: class org.apache.jmeter.report.processor.graph.impl.ResponseTimePercentilesGraphConsumer#stopProducing(): responseTimePercentiles produced 0 samples
2024-11-09 16:53:02,176 INFO o.a.j.r.p.AbstractSampleConsumer: class org.apache.jmeter.report.processor.graph.impl.ResponseTimePercentilesOverTimeGraphConsumer#stopProducing(): responseTimePercentilesOverTime produced 0 samples
2024-11-09 16:53:02,176 INFO o.a.j.r.p.AbstractSampleConsumer: class org.apache.jmeter.report.processor.graph.impl.ResponseTimeOverTimeGraphConsumer#stopProducing(): responseTimesOverTime produced 0 samples
2024-11-09 16:53:02,176 INFO o.a.j.r.p.AbstractSampleConsumer: class org.apache.jmeter.report.processor.graph.impl.ConnectTimeOverTimeGraphConsumer#stopProducing(): connectTimeOverTime produced 0 samples
2024-11-09 16:53:02,176 INFO o.a.j.r.p.AbstractSampleConsumer: class org.apache.jmeter.report.processor.graph.impl.LatencyOverTimeGraphConsumer#stopProducing(): latenciesOverTime produced 0 samples
2024-11-09 16:53:02,176 INFO o.a.j.r.p.AbstractSampleConsumer: class org.apache.jmeter.report.processor.FilterConsumer#stopProducing(): nameFilter produced 75 samples
2024-11-09 16:53:02,176 INFO o.a.j.r.p.AbstractSampleConsumer: class org.apache.jmeter.report.processor.FilterConsumer#stopProducing(): dateRangeFilter produced 15 samples
2024-11-09 16:53:02,176 INFO o.a.j.r.p.AbstractSampleConsumer: class org.apache.jmeter.report.processor.NormalizerSampleConsumer#stopProducing(): normalizer produced 5 samples
2024-11-09 16:53:02,176 INFO o.a.j.r.p.CsvFileSampleSource: produce(): 5 samples produced in 56ms on channel 0
2024-11-09 16:53:02,176 INFO o.a.j.r.d.ReportGenerator: Exporting data using exporter:'json' of className:'org.apache.jmeter.report.dashboard.JsonExporter'
2024-11-09 16:53:02,211 INFO o.a.j.r.d.JsonExporter: Found data for consumer statisticsSummary in context
2024-11-09 16:53:02,212 INFO o.a.j.r.d.JsonExporter: Creating statistics for overall
2024-11-09 16:53:02,214 INFO o.a.j.r.d.JsonExporter: Creating statistics for other transactions
2024-11-09 16:53:02,215 INFO o.a.j.r.d.JsonExporter: Checking output folder
2024-11-09 16:53:02,215 INFO o.a.j.r.d.JsonExporter: Writing statistics JSON to /Users/johnny.scott/Desktop/Playwright Practice/polymer-e2e-tests/performanceTests/report_folder/statistics.json
2024-11-09 16:53:02,235 INFO o.a.j.r.d.ReportGenerator: Exporting data using exporter:'html' of className:'org.apache.jmeter.report.dashboard.HtmlTemplateExporter'
2024-11-09 16:53:02,237 INFO o.a.j.r.d.HtmlTemplateExporter: Will generate dashboard in folder: /Users/johnny.scott/Desktop/Playwright Practice/polymer-e2e-tests/performanceTests/report_folder
2024-11-09 16:53:02,285 INFO o.a.j.r.d.HtmlTemplateExporter: Report will be generated in: /Users/johnny.scott/Desktop/Playwright Practice/polymer-e2e-tests/performanceTests/report_folder, creating folder structure
2024-11-09 16:53:02,287 INFO o.a.j.r.d.TemplateVisitor: Copying folder from '/opt/homebrew/Cellar/jmeter/5.6.3/libexec/bin/report-template' to '/Users/johnny.scott/Desktop/Playwright Practice/polymer-e2e-tests/performanceTests/report_folder', got message: /Users/johnny.scott/Desktop/Playwright Practice/polymer-e2e-tests/performanceTests/report_folder, found non empty folder with following content [/Users/johnny.scott/Desktop/Playwright Practice/polymer-e2e-tests/performanceTests/report_folder/statistics.json], will be ignored
2024-11-09 16:53:03,251 INFO o.a.j.JMeter: Dashboard generated
